 var str = "Hello Computer";
undefined
str.length
14
str.charAt(4);
"o"
str.charCodeAt(4);
111
str.concat('   From JS.');
"Hello Computer   From JS."
str+"   from JS";
"Hello Computer   from JS"
str
"Hello Computer"
//Immutable
str = "Hello";
"Hello"
temp1 = str.concat(' Computer');
"Hello Computer"
temp1
"Hello Computer"
str;
"Hello"
str.includes('');
true
str.includes(' ');
false
str = "Hello Computer";
"Hello Computer"
str.includes(' Com');
true
str.includes('Comp');
true
str.includes('Comp',7);
false
str.indexOf('ell');
1
str.lastIndexOf('er');
12
str.localeCompare('Hello ')
1
str.localeCompare('Hello JS');
-1
str.localeCompare(str);
0
str.localeCompare("hello");
1
str.slice();
"Hello Computer"
str.slice(3);
"lo Computer"
str.slice(3,7);
"lo C"
str.split('');
(14) ["H", "e", "l", "l", "o", " ", "C", "o", "m", "p", "u", "t", "e", "r"]
str.split(' ');
(2) ["Hello", "Computer"]
str.split('C');
(2) ["Hello ", "omputer"]
str.toLowerCase();
"hello computer"
str.toUpperCase();
"HELLO COMPUTER"
str.substr(3);
"lo Computer"
str.substr(3,7);
"lo Comp"
str.substring(3,7);
"lo C"
str = "        Hello Computer       ";
"        Hello Computer       "
str
"        Hello Computer       "
str.trim();
"Hello Computer"
str.trimEnd();
"        Hello Computer"
str.trimLeft();
"Hello Computer       "
str.trimStart();
"Hello Computer       "
str.trimRight();
"        Hello Computer"
//hello computer -> Hello Computer
undefined
var str = "hello computer";
var arr = str.split(' ');

undefined
arr
(2) ["hello", "computer"]
var format = arr[0][0];
undefined
format
"h"
var format = arr[0][0].toUpperCase() 
undefined
format
"H"
var format = arr[0][0].toUpperCase() + arr[0].substring(1);
undefined
format
"Hello"
arr = [];
[]
var arr;
arr = [];
[]
arr = [23,46,67,true];
(4) [23, 46, 67, true]
arr.push(200);
5
arr
(5) [23, 46, 67, true, 200]
arr.push(300,100,400);
8
arr
(8) [23, 46, 67, true, 200, 300, 100, 400]
arr.unshift(100,200,300);
11
arr
(11) [100, 200, 300, 23, 46, 67, true, 200, 300, 100, 400]
arr.pop();
400
arr
(10) [100, 200, 300, 23, 46, 67, true, 200, 300, 100]
arr.shift();
100
for(var i=0;i<arr.length ;i++){
    console.log(arr[i]);
}
VM4241:2 200
VM4241:2 300
VM4241:2 23
VM4241:2 46
VM4241:2 67
VM4241:2 true
VM4241:2 200
VM4241:2 300
VM4241:2 100
undefined
for(var item of arr){
    console.log(item);
}
VM4335:2 200
VM4335:2 300
VM4335:2 23
VM4335:2 46
VM4335:2 67
VM4335:2 true
VM4335:2 200
VM4335:2 300
VM4335:2 100
undefined
arr[4];
67
arr
(9) [200, 300, 23, 46, 67, true, 200, 300, 100]
arr= [ 
        [11,22,33],
        [44,55,66]
];
(2) [Array(3), Array(3)]0: (3) [11, 22, 33]1: (3) [44, 55, 66]length: 2__proto__: Array(0)
arr[0];
(3) [11, 22, 33]
arr[0][0];
11
arr[0][1];
22
arr = [ "hello", "world"];
(2) ["hello", "world"]0: "hello"1: "world"length: 2__proto__: Array(0)
arr[0];
"hello"
arr[0][0];
"h"
str = 'hello computer';
"hello computer"
arr = str.spi
undefined
arr = str.split(' ');
(2) ["hello", "computer"]
format = arr[0][0].toUpperCase() ;
"H"
format
"H"
arr[0].substring(1);
"ello"
format = arr[0][0].toUpperCase() + arr[0].substring(1);
"Hello"
format = arr[0][0].toUpperCase() + arr[0].substring(1)+" "+arr[1][0].toUpperCase() + arr[1].substring(1)
"Hello Computer"
arr = [23,46,67,true];
(4) [23, 46, 67, true]
arr.unshift(100,200,300);
7
arr
(7) [100, 200, 300, 23, 46, 67, true]
arr.slice();
(7) [100, 200, 300, 23, 46, 67, true]
arr.slice(3);
(4) [23, 46, 67, true]
arr.slice(2,5);
(3) [300, 23, 46]
arr.splice(3,1);
[23]
arr
(6) [100, 200, 300, 46, 67, true]
arr.splice(3,3);
(3) [46, 67, true]
arr
(3) [100, 200, 300]0: 1001: 2002: 300length: 3__proto__: Array(0)
arr.splice(2,1,true,false,45,890,'hello');
[300]
arr
(7) [100, 200, true, false, 45, 890, "hello"]
